<?xml version="1.0" encoding="UTF-8"?>
<!-- Generated by org.testng.reporters.JUnitReportReporter -->
<testsuite hostname="Hemanth" failures="0" tests="4" name="com.Practice.Practice3" time="0.031" errors="0" timestamp="2022-08-16T10:11:57 IST" skipped="0">
  <testcase classname="com.Practice.Practice3" name="login" time="0.016"/>
  <system-out/>
  <testcase classname="com.Practice.Practice3" name="login" time="0.003"/>
  <system-out/>
  <testcase classname="com.Practice.Practice3" name="delete" time="0.005"/>
  <system-out/>
  <testcase classname="com.Practice.Practice3" name="enter" time="0.007"/>
  <system-out/>
</testsuite> <!-- com.Practice.Practice3 -->
