<?xml version="1.0" encoding="UTF-8"?>
<!-- Generated by org.testng.reporters.JUnitReportReporter -->
<testsuite hostname="Hemanth" failures="0" tests="1" name="com.AdminModule2TestCasess.RegisterRoomASOccupiedAndVeriflyInDetailsList" time="40.488" errors="0" timestamp="2022-08-18T12:17:34 IST" skipped="0">
  <testcase classname="com.AdminModule2TestCasess.RegisterRoomASOccupiedAndVeriflyInDetailsList" name="details" time="40.488"/>
  <system-out/>
</testsuite> <!-- com.AdminModule2TestCasess.RegisterRoomASOccupiedAndVeriflyInDetailsList -->
