<?xml version="1.0" encoding="UTF-8"?>
<!-- Generated by org.testng.reporters.JUnitReportReporter -->
<testsuite hostname="Hemanth" failures="0" tests="1" name="com.AdminModule1TestCases.RegisterIndividualRoomAndVerifyInListPage" time="20.827" errors="0" timestamp="2022-08-16T13:32:51 IST" skipped="0">
  <testcase classname="com.AdminModule1TestCases.RegisterIndividualRoomAndVerifyInListPage" name="mainn" time="20.827"/>
  <system-out/>
</testsuite> <!-- com.AdminModule1TestCases.RegisterIndividualRoomAndVerifyInListPage -->
